This is pdfTeX, Version 3.14159265-2.6-1.40.19 (TeX Live 2018/W32TeX) (preloaded format=pdflatex 2018.5.9)  1 JUN 2020 22:41
entering extended mode
 restricted \write18 enabled.
 file:line:error style messages enabled.
 %&-line parsing enabled.
**"c:/Users/Ankith A Das/Documents/AMME3500/Assignment 2/Latex/doc.tex"
(c:/Users/Ankith A Das/Documents/AMME3500/Assignment 2/Latex/doc.tex
LaTeX2e <2018-04-01> patch level 2
Babel <3.18> and hyphenation patterns for 84 language(s) loaded.
(c:/texlive/2018/texmf-dist/tex/latex/revtex/revtex4-1.cls
Document Class: revtex4-1 2010/07/25/20:33:00 4.1r (http://publish.aps.org/revtex4/ for documentation)
 Copyright (c) 2009 The American Physical Society.
 mailto:revtex@aps.org
 Licensed under the LPPL:
http://www.ctan.org/tex-archive/macros/latex/base/lppl.txt
 Arthur Ogawa <arthur_ogawa at sbcglobal dot net>
 Based on work by David Carlisle <david at dcarlisle.demon.co.uk>.
ltxutil[2010/07/25/20:33:00 4.1r utilities package (portions licensed from W. E. Baxter web at superscript.com)]
LaTeX Info: Redefining \@centercr on input line 308.
Class revtex4-1 Info: Repairing broken LaTeX eqnarray on input line 358.
\eqncolsep=\skip41
Class revtex4-1 Info: Repairing hyperref-unfriendly LaTeX definition of \mpfootnote on input line 433.
Class revtex4-1 Info: Repairing broken LateX \@sect on input line 755.
\intertabularlinepenalty=\count80
\@tbpen=\count81
\@arstrutbox@hline=\box26
Class revtex4-1 Info: Repairing broken LaTeX \@xbitor on input line 1786.
Class revtex4-1 Info: Making \typeout \long on input line 2046.
ltxfront[2010/07/25/20:33:00 4.1r frontmatter package (AO,DPC)]
\c@affil=\count82
\c@collab=\count83
\absbox=\box27
ltxgrid[2010/07/25/20:33:00 4.1r page grid package (portions licensed from W. E. Baxter web at superscript.com)]
\c@linecount=\count84
\output@latex=\toks14
\box@size@1=\box28
\box@size@2=\box29
\@protection@box=\box30
\@topmark@saved=\toks15
\footins@saved=\box31
\footins@recovered=\box32
\column@recovered=\box33
\pagesofar=\box34
\footsofar=\box35
\pagegrid@col=\count85
Class revtex4-1 Info: Overriding \@vspace, \@vspacer, \@no@pgbk, \@newline, and \\  on input line 5578.
\c@part=\count86
\c@section=\count87
\c@subsection=\count88
\c@subsubsection=\count89
\c@paragraph=\count90
\c@subparagraph=\count91
\abovecaptionskip=\skip42
\belowcaptionskip=\skip43
\c@figure=\count92
\fbox@1=\box36
\c@table=\count93
\fbox@2=\box37
\c@video=\count94
\fbox@4=\box38
\@bibdataout=\write3
\widetext@top=\box39
\widetext@bot=\box40
Class revtex4-1 Info: Selecting society aps on input line 7542.
(c:/texlive/2018/texmf-dist/tex/latex/revtex/aps4-1.rtx
File: aps4-1 2010/07/25/20:33:00 4.1r (http://publish.aps.org/revtex4/ for documentation)
Class revtex4-1 Info: RevTeX society APS selected on input line 31.
)
Class revtex4-1 Info: Selecting journal pre on input line 7544.
Class revtex4-1 Info: APS journal PRE selected on input line 7545.
 (c:/texlive/2018/texmf-dist/tex/latex/revtex/aps10pt4-1.rtx
File: aps10pt4-1 2010/07/25/20:33:00 4.1r (http://publish.aps.org/revtex4/ for documentation)
Class revtex4-1 Info: RevTeX pointsize 10pt selected on input line 30.
) (c:/texlive/2018/texmf-dist/tex/latex/textcase/textcase.sty
Package: textcase 2004/10/07 v0.07 Text only upper/lower case changing (DPC)
) (c:/texlive/2018/texmf-dist/tex/latex/amsfonts/amssymb.sty
Package: amssymb 2013/01/14 v3.01 AMS font symbols
 (c:/texlive/2018/texmf-dist/tex/latex/amsfonts/amsfonts.sty
Package: amsfonts 2013/01/14 v3.01 Basic AMSFonts support
\@emptytoks=\toks16
\symAMSa=\mathgroup4
\symAMSb=\mathgroup5
LaTeX Font Info:    Overwriting math alphabet `\mathfrak' in version `bold'
(Font)                  U/euf/m/n --> U/euf/b/n on input line 106.
)) (c:/texlive/2018/texmf-dist/tex/latex/amsmath/amsmath.sty
Package: amsmath 2017/09/02 v2.17a AMS math features
\@mathmargin=\skip44

For additional information on amsmath, use the `?' option.
(c:/texlive/2018/texmf-dist/tex/latex/amsmath/amstext.sty
Package: amstext 2000/06/29 v2.01 AMS text
 (c:/texlive/2018/texmf-dist/tex/latex/amsmath/amsgen.sty
File: amsgen.sty 1999/11/30 v2.0 generic functions
\@emptytoks=\toks17
\ex@=\dimen102
)
LaTeX Info: Redefining \text on input line 28.
) (c:/texlive/2018/texmf-dist/tex/latex/amsmath/amsbsy.sty
Package: amsbsy 1999/11/29 v1.2d Bold Symbols
\pmbraise@=\dimen103
) (c:/texlive/2018/texmf-dist/tex/latex/amsmath/amsopn.sty
Package: amsopn 2016/03/08 v2.02 operator names
)
\inf@bad=\count95
LaTeX Info: Redefining \frac on input line 213.
\uproot@=\count96
\leftroot@=\count97
LaTeX Info: Redefining \overline on input line 375.
\classnum@=\count98
\DOTSCASE@=\count99
LaTeX Info: Redefining \ldots on input line 472.
LaTeX Info: Redefining \dots on input line 475.
LaTeX Info: Redefining \cdots on input line 596.
\Mathstrutbox@=\box41
\strutbox@=\box42
\big@size=\dimen104
LaTeX Font Info:    Redeclaring font encoding OML on input line 712.
LaTeX Font Info:    Redeclaring font encoding OMS on input line 713.
\macc@depth=\count100
\c@MaxMatrixCols=\count101
\dotsspace@=\muskip10
\c@parentequation=\count102
\dspbrk@lvl=\count103
\tag@help=\toks18
\row@=\count104
\column@=\count105
\maxfields@=\count106
\andhelp@=\toks19
\eqnshift@=\dimen105
\alignsep@=\dimen106
\tagshift@=\dimen107
\tagwidth@=\dimen108
\totwidth@=\dimen109
\lineht@=\dimen110
\@envbody=\toks20
\multlinegap=\skip45
\multlinetaggap=\skip46
\mathdisplay@stack=\toks21
LaTeX Info: Redefining \[ on input line 2817.
LaTeX Info: Redefining \] on input line 2818.
) (c:/texlive/2018/texmf-dist/tex/latex/url/url.sty
\Urlmuskip=\muskip11
Package: url 2013/09/16  ver 3.4  Verb mode for urls, etc.
) (c:/texlive/2018/texmf-dist/tex/latex/natbib/natbib.sty
Package: natbib 2010/09/13 8.31b (PWD, AO)
\bibhang=\skip47
\bibsep=\skip48
LaTeX Info: Redefining \cite on input line 694.
\c@NAT@ctr=\count107
)
Class revtex4-1 Info: Repairing natbib's \BibitemShut on input line 7549.
 (c:/texlive/2018/texmf-dist/tex/latex/revtex/revsymb4-1.sty
Package: revsymb4-1 2010/07/25/20:33:00 4.1r (http://publish.aps.org/revtex4/ for documentation)
LaTeX Info: Redefining \frak on input line 95.
LaTeX Info: Redefining \Bbb on input line 111.
LaTeX Info: Redefining \REV@mathfrak on input line 119.
)) (c:/texlive/2018/texmf-dist/tex/latex/base/inputenc.sty
Package: inputenc 2018/04/06 v1.3b Input encoding file
\inpenc@prehook=\toks22
\inpenc@posthook=\toks23
) (c:/texlive/2018/texmf-dist/tex/latex/base/fontenc.sty
Package: fontenc 2017/04/05 v2.0i Standard LaTeX package
 (c:/texlive/2018/texmf-dist/tex/latex/base/t1enc.def
File: t1enc.def 2017/04/05 v2.0i Standard LaTeX file
LaTeX Font Info:    Redeclaring font encoding T1 on input line 48.
)) (c:/texlive/2018/texmf-dist/tex/latex/graphics/graphicx.sty
Package: graphicx 2017/06/01 v1.1a Enhanced LaTeX Graphics (DPC,SPQR)
 (c:/texlive/2018/texmf-dist/tex/latex/graphics/keyval.sty
Package: keyval 2014/10/28 v1.15 key=value parser (DPC)
\KV@toks@=\toks24
) (c:/texlive/2018/texmf-dist/tex/latex/graphics/graphics.sty
Package: graphics 2017/06/25 v1.2c Standard LaTeX Graphics (DPC,SPQR)
 (c:/texlive/2018/texmf-dist/tex/latex/graphics/trig.sty
Package: trig 2016/01/03 v1.10 sin cos tan (DPC)
) (c:/texlive/2018/texmf-dist/tex/latex/graphics-cfg/graphics.cfg
File: graphics.cfg 2016/06/04 v1.11 sample graphics configuration
)
Package graphics Info: Driver file: pdftex.def on input line 99.
 (c:/texlive/2018/texmf-dist/tex/latex/graphics-def/pdftex.def
File: pdftex.def 2018/01/08 v1.0l Graphics/color driver for pdftex
))
\Gin@req@height=\dimen111
\Gin@req@width=\dimen112
) (c:/texlive/2018/texmf-dist/tex/latex/tools/bm.sty
Package: bm 2017/01/16 v1.2c Bold Symbol Support (DPC/FMi)
\symboldoperators=\mathgroup6
\symboldletters=\mathgroup7
\symboldsymbols=\mathgroup8
LaTeX Font Info:    Redeclaring math alphabet \mathbf on input line 141.
LaTeX Info: Redefining \bm on input line 207.
) (c:/texlive/2018/texmf-dist/tex/latex/oberdiek/grffile.sty
Package: grffile 2017/06/30 v1.18 Extended file name support for graphics (HO)
 (c:/texlive/2018/texmf-dist/tex/generic/oberdiek/ifpdf.sty
Package: ifpdf 2017/03/15 v3.2 Provides the ifpdf switch
) (c:/texlive/2018/texmf-dist/tex/generic/ifxetex/ifxetex.sty
Package: ifxetex 2010/09/12 v0.6 Provides ifxetex conditional
) (c:/texlive/2018/texmf-dist/tex/latex/oberdiek/kvoptions.sty
Package: kvoptions 2016/05/16 v3.12 Key value format for package options (HO)
 (c:/texlive/2018/texmf-dist/tex/generic/oberdiek/ltxcmds.sty
Package: ltxcmds 2016/05/16 v1.23 LaTeX kernel commands for general use (HO)
) (c:/texlive/2018/texmf-dist/tex/generic/oberdiek/kvsetkeys.sty
Package: kvsetkeys 2016/05/16 v1.17 Key value parser (HO)
 (c:/texlive/2018/texmf-dist/tex/generic/oberdiek/infwarerr.sty
Package: infwarerr 2016/05/16 v1.4 Providing info/warning/error messages (HO)
) (c:/texlive/2018/texmf-dist/tex/generic/oberdiek/etexcmds.sty
Package: etexcmds 2016/05/16 v1.6 Avoid name clashes with e-TeX commands (HO)
 (c:/texlive/2018/texmf-dist/tex/generic/oberdiek/ifluatex.sty
Package: ifluatex 2016/05/16 v1.4 Provides the ifluatex switch (HO)
Package ifluatex Info: LuaTeX not detected.
)
Package etexcmds Info: Could not find \expanded.
(etexcmds)             That can mean that you are not using pdfTeX 1.50 or
(etexcmds)             that some package has redefined \expanded.
(etexcmds)             In the latter case, load this package earlier.
))) (c:/texlive/2018/texmf-dist/tex/generic/oberdiek/pdftexcmds.sty
Package: pdftexcmds 2018/01/30 v0.27 Utility functions of pdfTeX for LuaTeX (HO)
Package pdftexcmds Info: LuaTeX not detected.
Package pdftexcmds Info: \pdf@primitive is available.
Package pdftexcmds Info: \pdf@ifprimitive is available.
Package pdftexcmds Info: \pdfdraftmode found.
)
Package grffile Info: Option `multidot' is set to `true'.
Package grffile Info: Option `extendedchars' is set to `false'.
Package grffile Info: Option `space' is set to `true'.
Package grffile Info: \Gin@ii of package `graphicx' fixed on input line 494.
) (c:/texlive/2018/texmf-dist/tex/latex/tools/xr.sty
Package: xr 1994/05/28 v5.02 eXternal References (DPC)
) (c:/texlive/2018/texmf-dist/tex/latex/xcolor/xcolor.sty
Package: xcolor 2016/05/11 v2.12 LaTeX color extensions (UK)
 (c:/texlive/2018/texmf-dist/tex/latex/graphics-cfg/color.cfg
File: color.cfg 2016/01/02 v1.6 sample color configuration
)
Package xcolor Info: Driver file: pdftex.def on input line 225.
Package xcolor Info: Model `cmy' substituted by `cmy0' on input line 1348.
Package xcolor Info: Model `hsb' substituted by `rgb' on input line 1352.
Package xcolor Info: Model `RGB' extended on input line 1364.
Package xcolor Info: Model `HTML' substituted by `rgb' on input line 1366.
Package xcolor Info: Model `Hsb' substituted by `hsb' on input line 1367.
Package xcolor Info: Model `tHsb' substituted by `hsb' on input line 1368.
Package xcolor Info: Model `HSB' substituted by `hsb' on input line 1369.
Package xcolor Info: Model `Gray' substituted by `gray' on input line 1370.
Package xcolor Info: Model `wave' substituted by `hsb' on input line 1371.
) (c:/texlive/2018/texmf-dist/tex/latex/graphics/epsfig.sty
Package: epsfig 2017/06/25 v1.7b (e)psfig emulation (SPQR)
\epsfxsize=\dimen113
\epsfysize=\dimen114
) (c:/texlive/2018/texmf-dist/tex/latex/tools/enumerate.sty
Package: enumerate 2015/07/23 v3.00 enumerate extensions (DPC)
\@enLab=\toks25
) (c:/texlive/2018/texmf-dist/tex/latex/enumitem/enumitem.sty
Package: enumitem 2011/09/28 v3.5.2 Customized lists
\labelindent=\skip49
\enit@outerparindent=\dimen115
\enit@toks=\toks26
\enit@inbox=\box43
\enitdp@description=\count108
) (c:/texlive/2018/texmf-dist/tex/latex/float/float.sty
Package: float 2001/11/08 v1.3d Float enhancements (AL)
\c@float@type=\count109
\float@exts=\toks27
\float@box=\box44
\@float@everytoks=\toks28
\@floatcapt=\box45
) (c:/texlive/2018/texmf-dist/tex/latex/listings/listings.sty
\lst@mode=\count110
\lst@gtempboxa=\box46
\lst@token=\toks29
\lst@length=\count111
\lst@currlwidth=\dimen116
\lst@column=\count112
\lst@pos=\count113
\lst@lostspace=\dimen117
\lst@width=\dimen118
\lst@newlines=\count114
\lst@lineno=\count115
\lst@maxwidth=\dimen119
 (c:/texlive/2018/texmf-dist/tex/latex/listings/lstmisc.sty
File: lstmisc.sty 2015/06/04 1.6 (Carsten Heinz)
\c@lstnumber=\count116
\lst@skipnumbers=\count117
\lst@framebox=\box47
) (c:/texlive/2018/texmf-dist/tex/latex/listings/listings.cfg
File: listings.cfg 2015/06/04 1.6 listings configuration
))
Package: listings 2015/06/04 1.6 (Carsten Heinz)
 (c:/texlive/2018/texmf-dist/tex/latex/hyperref/hyperref.sty
Package: hyperref 2018/02/06 v6.86b Hypertext links for LaTeX
 (c:/texlive/2018/texmf-dist/tex/generic/oberdiek/hobsub-hyperref.sty
Package: hobsub-hyperref 2016/05/16 v1.14 Bundle oberdiek, subset hyperref (HO)
 (c:/texlive/2018/texmf-dist/tex/generic/oberdiek/hobsub-generic.sty
Package: hobsub-generic 2016/05/16 v1.14 Bundle oberdiek, subset generic (HO)
Package: hobsub 2016/05/16 v1.14 Construct package bundles (HO)
Package hobsub Info: Skipping package `infwarerr' (already loaded).
Package hobsub Info: Skipping package `ltxcmds' (already loaded).
Package hobsub Info: Skipping package `ifluatex' (already loaded).
Package: ifvtex 2016/05/16 v1.6 Detect VTeX and its facilities (HO)
Package ifvtex Info: VTeX not detected.
Package: intcalc 2016/05/16 v1.2 Expandable calculations with integers (HO)
Package hobsub Info: Skipping package `ifpdf' (already loaded).
Package hobsub Info: Skipping package `etexcmds' (already loaded).
Package hobsub Info: Skipping package `kvsetkeys' (already loaded).
Package: kvdefinekeys 2016/05/16 v1.4 Define keys (HO)
Package hobsub Info: Skipping package `pdftexcmds' (already loaded).
Package: pdfescape 2016/05/16 v1.14 Implements pdfTeX's escape features (HO)
Package: bigintcalc 2016/05/16 v1.4 Expandable calculations on big integers (HO)
Package: bitset 2016/05/16 v1.2 Handle bit-vector datatype (HO)
Package: uniquecounter 2016/05/16 v1.3 Provide unlimited unique counter (HO)
)
Package hobsub Info: Skipping package `hobsub' (already loaded).
Package: letltxmacro 2016/05/16 v1.5 Let assignment for LaTeX macros (HO)
Package: hopatch 2016/05/16 v1.3 Wrapper for package hooks (HO)
Package: xcolor-patch 2016/05/16 xcolor patch
Package: atveryend 2016/05/16 v1.9 Hooks at the very end of document (HO)
Package: atbegshi 2016/06/09 v1.18 At begin shipout hook (HO)
Package: refcount 2016/05/16 v3.5 Data extraction from label references (HO)
Package: hycolor 2016/05/16 v1.8 Color options for hyperref/bookmark (HO)
) (c:/texlive/2018/texmf-dist/tex/latex/oberdiek/auxhook.sty
Package: auxhook 2016/05/16 v1.4 Hooks for auxiliary files (HO)
)
\@linkdim=\dimen120
\Hy@linkcounter=\count118
\Hy@pagecounter=\count119
 (c:/texlive/2018/texmf-dist/tex/latex/hyperref/pd1enc.def
File: pd1enc.def 2018/02/06 v6.86b Hyperref: PDFDocEncoding definition (HO)
Now handling font encoding PD1 ...
... no UTF-8 mapping file for font encoding PD1
)
\Hy@SavedSpaceFactor=\count120
 (c:/texlive/2018/texmf-dist/tex/latex/latexconfig/hyperref.cfg
File: hyperref.cfg 2002/06/06 v1.2 hyperref configuration of TeXLive
)
Package hyperref Info: Hyper figures OFF on input line 4509.
Package hyperref Info: Link nesting OFF on input line 4514.
Package hyperref Info: Hyper index ON on input line 4517.
Package hyperref Info: Plain pages OFF on input line 4524.
Package hyperref Info: Backreferencing OFF on input line 4529.
Package hyperref Info: Implicit mode ON; LaTeX internals redefined.
Package hyperref Info: Bookmarks ON on input line 4762.
LaTeX Info: Redefining \href on input line 5026.
\c@Hy@tempcnt=\count121
LaTeX Info: Redefining \url on input line 5115.
\XeTeXLinkMargin=\dimen121
\Fld@menulength=\count122
\Field@Width=\dimen122
\Fld@charsize=\dimen123
Package hyperref Info: Hyper figures OFF on input line 6369.
Package hyperref Info: Link nesting OFF on input line 6374.
Package hyperref Info: Hyper index ON on input line 6377.
Package hyperref Info: backreferencing OFF on input line 6384.
Package hyperref Info: Link coloring OFF on input line 6389.
Package hyperref Info: Link coloring with OCG OFF on input line 6394.
Package hyperref Info: PDF/A mode OFF on input line 6399.
LaTeX Info: Redefining \ref on input line 6439.
LaTeX Info: Redefining \pageref on input line 6443.
\Hy@abspage=\count123
\c@Item=\count124
\c@Hfootnote=\count125
)
Package hyperref Info: Driver (autodetected): hpdftex.
 (c:/texlive/2018/texmf-dist/tex/latex/hyperref/hpdftex.def
File: hpdftex.def 2018/02/06 v6.86b Hyperref driver for pdfTeX
\Fld@listcount=\count126
\c@bookmark@seq@number=\count127
 (c:/texlive/2018/texmf-dist/tex/latex/oberdiek/rerunfilecheck.sty
Package: rerunfilecheck 2016/05/16 v1.8 Rerun checks for auxiliary files (HO)
Package uniquecounter Info: New unique counter `rerunfilecheck' on input line 282.
)
\Hy@SectionHShift=\skip50
) (c:/texlive/2018/texmf-dist/tex/latex/dirtytalk/dirtytalk.sty
Package: dirtytalk 2010/11/21 A package making "quoting" easier
 (c:/texlive/2018/texmf-dist/tex/latex/base/ifthen.sty
Package: ifthen 2014/09/29 v1.1c Standard LaTeX ifthen package (DPC)
)
\c@dirtytalk@qdepth=\count128
) (c:/texlive/2018/texmf-dist/tex/latex/titlesec/titlesec.sty
Package: titlesec 2016/03/21 v2.10.2 Sectioning titles
\ttl@box=\box48
\beforetitleunit=\skip51
\aftertitleunit=\skip52
\ttl@plus=\dimen124
\ttl@minus=\dimen125
\ttl@toksa=\toks30
\titlewidth=\dimen126
\titlewidthlast=\dimen127
\titlewidthfirst=\dimen128
) (c:/texlive/2018/texmf-dist/tex/latex/relsize/relsize.sty
Package: relsize 2013/03/29 ver 4.1
) (c:/texlive/2018/texmf-dist/tex/latex/breqn/breqn.sty (c:/texlive/2018/texmf-dist/tex/latex/l3kernel/expl3.sty
Package: expl3 2018/03/05 L3 programming layer (loader) 
 (c:/texlive/2018/texmf-dist/tex/latex/l3kernel/expl3-code.tex
Package: expl3 2018/03/05 L3 programming layer (code)
\c_max_int=\count129
\l_tmpa_int=\count130
\l_tmpb_int=\count131
\g_tmpa_int=\count132
\g_tmpb_int=\count133
\g__intarray_font_int=\count134
\g__prg_map_int=\count135
\c_log_iow=\count136
\l_iow_line_count_int=\count137
\l__iow_line_target_int=\count138
\l__iow_one_indent_int=\count139
\l__iow_indent_int=\count140
\c_zero_dim=\dimen129
\c_max_dim=\dimen130
\l_tmpa_dim=\dimen131
\l_tmpb_dim=\dimen132
\g_tmpa_dim=\dimen133
\g_tmpb_dim=\dimen134
\c_zero_skip=\skip53
\c_max_skip=\skip54
\l_tmpa_skip=\skip55
\l_tmpb_skip=\skip56
\g_tmpa_skip=\skip57
\g_tmpb_skip=\skip58
\c_zero_muskip=\muskip12
\c_max_muskip=\muskip13
\l_tmpa_muskip=\muskip14
\l_tmpb_muskip=\muskip15
\g_tmpa_muskip=\muskip16
\g_tmpb_muskip=\muskip17
\l_keys_choice_int=\count141
\c__fp_leading_shift_int=\count142
\c__fp_middle_shift_int=\count143
\c__fp_trailing_shift_int=\count144
\c__fp_big_leading_shift_int=\count145
\c__fp_big_middle_shift_int=\count146
\c__fp_big_trailing_shift_int=\count147
\c__fp_Bigg_leading_shift_int=\count148
\c__fp_Bigg_middle_shift_int=\count149
\c__fp_Bigg_trailing_shift_int=\count150
\c__fp_rand_size_int=\count151
\c__fp_rand_four_int=\count152
\c__fp_rand_eight_int=\count153
\l__sort_length_int=\count154
\l__sort_min_int=\count155
\l__sort_top_int=\count156
\l__sort_max_int=\count157
\l__sort_true_max_int=\count158
\l__sort_block_int=\count159
\l__sort_begin_int=\count160
\l__sort_end_int=\count161
\l__sort_A_int=\count162
\l__sort_B_int=\count163
\l__sort_C_int=\count164
\l__tl_build_start_index_int=\count165
\l__tl_build_index_int=\count166
\l__tl_analysis_normal_int=\count167
\l__tl_analysis_index_int=\count168
\l__tl_analysis_nesting_int=\count169
\l__tl_analysis_type_int=\count170
\l__regex_internal_a_int=\count171
\l__regex_internal_b_int=\count172
\l__regex_internal_c_int=\count173
\l__regex_balance_int=\count174
\l__regex_group_level_int=\count175
\l__regex_mode_int=\count176
\c__regex_cs_in_class_mode_int=\count177
\c__regex_cs_mode_int=\count178
\l__regex_catcodes_int=\count179
\l__regex_default_catcodes_int=\count180
\c__regex_catcode_D_int=\count181
\c__regex_catcode_S_int=\count182
\c__regex_catcode_L_int=\count183
\c__regex_catcode_O_int=\count184
\c__regex_catcode_A_int=\count185
\c__regex_all_catcodes_int=\count186
\l__regex_show_lines_int=\count187
\l__regex_min_state_int=\count188
\l__regex_max_state_int=\count189
\l__regex_left_state_int=\count190
\l__regex_right_state_int=\count191
\l__regex_capturing_group_int=\count192
\l__regex_min_pos_int=\count193
\l__regex_max_pos_int=\count194
\l__regex_curr_pos_int=\count195
\l__regex_start_pos_int=\count196
\l__regex_success_pos_int=\count197
\l__regex_curr_char_int=\count198
\l__regex_curr_catcode_int=\count199
\l__regex_last_char_int=\count266
\l__regex_case_changed_char_int=\count267
\l__regex_curr_state_int=\count268
\l__regex_step_int=\count269
\l__regex_min_active_int=\count270
\l__regex_max_active_int=\count271
\l__regex_replacement_csnames_int=\count272
\l__regex_match_count_int=\count273
\l__regex_min_submatch_int=\count274
\l__regex_submatch_int=\count275
\l__regex_zeroth_submatch_int=\count276
\g__regex_trace_regex_int=\count277
\c_empty_box=\box49
\l_tmpa_box=\box50
\l_tmpb_box=\box51
\g_tmpa_box=\box52
\g_tmpb_box=\box53
\l__box_top_dim=\dimen135
\l__box_bottom_dim=\dimen136
\l__box_left_dim=\dimen137
\l__box_right_dim=\dimen138
\l__box_top_new_dim=\dimen139
\l__box_bottom_new_dim=\dimen140
\l__box_left_new_dim=\dimen141
\l__box_right_new_dim=\dimen142
\l__box_internal_box=\box54
\l__coffin_internal_box=\box55
\l__coffin_internal_dim=\dimen143
\l__coffin_offset_x_dim=\dimen144
\l__coffin_offset_y_dim=\dimen145
\l__coffin_x_dim=\dimen146
\l__coffin_y_dim=\dimen147
\l__coffin_x_prime_dim=\dimen148
\l__coffin_y_prime_dim=\dimen149
\c_empty_coffin=\box56
\l__coffin_aligned_coffin=\box57
\l__coffin_aligned_internal_coffin=\box58
\l_tmpa_coffin=\box59
\l_tmpb_coffin=\box60
\l__coffin_display_coffin=\box61
\l__coffin_display_coord_coffin=\box62
\l__coffin_display_pole_coffin=\box63
\l__coffin_display_offset_dim=\dimen150
\l__coffin_display_x_dim=\dimen151
\l__coffin_display_y_dim=\dimen152
\l__coffin_bounding_shift_dim=\dimen153
\l__coffin_left_corner_dim=\dimen154
\l__coffin_right_corner_dim=\dimen155
\l__coffin_bottom_corner_dim=\dimen156
\l__coffin_top_corner_dim=\dimen157
\l__coffin_scaled_total_height_dim=\dimen158
\l__coffin_scaled_width_dim=\dimen159
) (c:/texlive/2018/texmf-dist/tex/latex/l3kernel/l3pdfmode.def
File: l3pdfmode.def 2017/03/18 v L3 Experimental driver: PDF mode
\l__driver_color_stack_int=\count278
))
Package: breqn 2017/01/27 v0.98e Breaking equations
 (c:/texlive/2018/texmf-dist/tex/latex/breqn/flexisym.sty
Package: flexisym 2017/01/27 v0.98e Make math characters macros
LaTeX Info: Redefining \textprime on input line 300.
LaTeX Info: Redefining \not on input line 358.
 (c:/texlive/2018/texmf-dist/tex/latex/breqn/cmbase.sym
File: cmbase.sym 2007/12/19 v0.92
LaTeX Info: Redefining \hbar on input line 325.
LaTeX Info: Redefining \surd on input line 327.
LaTeX Info: Redefining \angle on input line 335.
LaTeX Info: Redefining \neq on input line 336.
LaTeX Info: Redefining \mapsto on input line 337.
LaTeX Info: Redefining \cong on input line 338.
LaTeX Info: Redefining \notin on input line 341.
LaTeX Info: Redefining \rightleftharpoons on input line 342.
LaTeX Info: Redefining \doteq on input line 343.
LaTeX Info: Redefining \hookrightarrow on input line 344.
LaTeX Info: Redefining \hookleftarrow on input line 345.
LaTeX Info: Redefining \bowtie on input line 346.
LaTeX Info: Redefining \models on input line 347.
LaTeX Info: Redefining \Longrightarrow on input line 348.
LaTeX Info: Redefining \longrightarrow on input line 349.
LaTeX Info: Redefining \Longleftarrow on input line 350.
LaTeX Info: Redefining \longleftarrow on input line 351.
LaTeX Info: Redefining \longmapsto on input line 352.
LaTeX Info: Redefining \longleftrightarrow on input line 353.
LaTeX Info: Redefining \Longleftrightarrow on input line 354.
LaTeX Info: Redefining \cdots on input line 358.
LaTeX Info: Redefining \vdots on input line 361.
LaTeX Info: Redefining \ddots on input line 366.
) (c:/texlive/2018/texmf-dist/tex/latex/breqn/mathstyle.sty
Package: mathstyle 2017/01/27 0.98e Tracking mathstyle implicitly
LaTeX Info: Redefining \displaystyle on input line 93.
LaTeX Info: Redefining \textstyle on input line 95.
LaTeX Info: Redefining \scriptstyle on input line 97.
LaTeX Info: Redefining \scriptscriptstyle on input line 99.
LaTeX Info: Redefining \genfrac on input line 145.
)) (c:/texlive/2018/texmf-dist/tex/latex/tools/calc.sty
Package: calc 2017/05/25 v4.3 Infix arithmetic (KKT,FJ)
\calc@Acount=\count279
\calc@Bcount=\count280
\calc@Adimen=\dimen160
\calc@Bdimen=\dimen161
\calc@Askip=\skip59
\calc@Bskip=\skip60
LaTeX Info: Redefining \setlength on input line 80.
LaTeX Info: Redefining \addtolength on input line 81.
\calc@Ccount=\count281
\calc@Cskip=\skip61
)
\inf@bad=\count282
\maxint=\count283
\listwidth=\dimen162
\eqnumsep=\dimen163
\eqmargin=\dimen164
\eqlinespacing=\skip62
\eqlineskip=\skip63
\eqlineskiplimit=\dimen165
\eqbinoffset=\muskip18
\eqdelimoffset=\muskip19
\eqindentstep=\dimen166
\eqstyle=\toks31
\eqbreakdepth=\count284
\eqinterlinepenalty=\count285
\intereqpenalty=\count286
\intereqskip=\skip64
\prerelpenalty=\count287
\prebinoppenalty=\count288
\Dmedmuskip=\muskip20
\Dthickmuskip=\muskip21
\eqleftskip=\skip65
\eqrightskip=\skip66
\eq@vspan=\skip67
\eq@binoffset=\muskip22
\EQ@box=\box64
\EQ@copy=\box65
\EQ@numbox=\box66
\eq@wdNum=\dimen167
\GRP@numbox=\box67
\grp@wdNum=\dimen168
\eq@lines=\count289
\eq@curline=\count290
\eq@badness=\count291
\EQ@vims=\count292
\eq@dp=\dimen169
\eq@wdL=\dimen170
\eq@wdT=\dimen171
\eq@wdMin=\dimen172
\grp@wdL=\dimen173
\grp@wdR=\dimen174
\grp@wdT=\dimen175
\eq@wdRmax=\dimen176
\eq@firstht=\dimen177
\eq@wdCond=\dimen178
\eq@indentstep=\dimen179
\eq@linewidth=\dimen180
\grp@linewidth=\dimen181
\eq@hshift=\dimen182
\eq@given@sidespace=\dimen183
\mathindent=\dimen184
\eq@final@linecount=\count293
\eq@wdR=\dimen185
\EQ@continue=\toks32
\lr@level=\count294
\GRP@queue=\toks33
\GRP@box=\box68
\GRP@wholebox=\box69
\darraycolsep=\skip68
\cur@row=\count295
\cur@col=\count296
\conditionsep=\skip69
)

Package xr Warning: 
No file CC_OA_comparison_supplementary.aux
LABELS NOT IMPORTED.
 on input line 50.

Package hyperref Info: Option `colorlinks' set `false' on input line 75.
Class revtex4-1 Info: Patching LaTeX tabular. on input line 79.

Class revtex4-1 Warning: Repair the float package.

Class revtex4-1 Info: Robustifying \LaTeX's \boldmath command on input line 79.
Class revtex4-1 Info: cite was not loaded (OK!) on input line 79.
Class revtex4-1 Info: mcite was not loaded (OK!) on input line 79.
Class revtex4-1 Info: multicol was not loaded (OK!) on input line 79.
(c:/Users/Ankith A Das/Documents/AMME3500/Assignment 2/Latex/doc.aux)
\openout1 = `doc.aux'.

LaTeX Font Info:    Checking defaults for OML/cmm/m/it on input line 79.
LaTeX Font Info:    ... okay on input line 79.
LaTeX Font Info:    Checking defaults for T1/cmr/m/n on input line 79.
LaTeX Font Info:    ... okay on input line 79.
LaTeX Font Info:    Checking defaults for OT1/cmr/m/n on input line 79.
LaTeX Font Info:    ... okay on input line 79.
LaTeX Font Info:    Checking defaults for OMS/cmsy/m/n on input line 79.
LaTeX Font Info:    ... okay on input line 79.
LaTeX Font Info:    Checking defaults for OMX/cmex/m/n on input line 79.
LaTeX Font Info:    ... okay on input line 79.
LaTeX Font Info:    Checking defaults for U/cmr/m/n on input line 79.
LaTeX Font Info:    ... okay on input line 79.
LaTeX Font Info:    Checking defaults for PD1/pdf/m/n on input line 79.
LaTeX Font Info:    ... okay on input line 79.
 (c:/texlive/2018/texmf-dist/tex/context/base/mkii/supp-pdf.mkii
[Loading MPS to PDF converter (version 2006.09.02).]
\scratchcounter=\count297
\scratchdimen=\dimen186
\scratchbox=\box70
\nofMPsegments=\count298
\nofMParguments=\count299
\everyMPshowfont=\toks34
\MPscratchCnt=\count300
\MPscratchDim=\dimen187
\MPnumerator=\count301
\makeMPintoPDFobject=\count302
\everyMPtoPDFconversion=\toks35
) (c:/texlive/2018/texmf-dist/tex/latex/oberdiek/epstopdf-base.sty
Package: epstopdf-base 2016/05/15 v2.6 Base part for package epstopdf
 (c:/texlive/2018/texmf-dist/tex/latex/oberdiek/grfext.sty
Package: grfext 2016/05/16 v1.2 Manage graphics extensions (HO)
)
Package epstopdf-base Info: Redefining graphics rule for `.eps' on input line 438.
Package grfext Info: Graphics extension search list:
(grfext)             [.pdf,.png,.jpg,.mps,.jpeg,.jbig2,.jb2,.PDF,.PNG,.JPG,.JPEG,.JBIG2,.JB2,.eps]
(grfext)             \AppendGraphicsExtensions on input line 456.
 (c:/texlive/2018/texmf-dist/tex/latex/latexconfig/epstopdf-sys.cfg
File: epstopdf-sys.cfg 2010/07/13 v1.3 Configuration of (r)epstopdf for TeX Live
))
\c@lstlisting=\count303
\AtBeginShipoutBox=\box71
Package hyperref Info: Link coloring OFF on input line 79.
 (c:/texlive/2018/texmf-dist/tex/latex/hyperref/nameref.sty
Package: nameref 2016/05/21 v2.44 Cross-referencing by name of section
 (c:/texlive/2018/texmf-dist/tex/generic/oberdiek/gettitlestring.sty
Package: gettitlestring 2016/05/16 v1.5 Cleanup title references (HO)
)
\c@section@level=\count304
)
LaTeX Info: Redefining \ref on input line 79.
LaTeX Info: Redefining \pageref on input line 79.
LaTeX Info: Redefining \nameref on input line 79.
 (c:/Users/Ankith A Das/Documents/AMME3500/Assignment 2/Latex/doc.out) (c:/Users/Ankith A Das/Documents/AMME3500/Assignment 2/Latex/doc.out)
\@outlinefile=\write4
\openout4 = `doc.out'.

Class revtex4-1 Info: Taking \maketitle back from hyperref on input line 79.
\openout3 = `docNotes.bib'.



Class revtex4-1 Warning: Assuming \noaffiliation for authors.

LaTeX Font Info:    Try loading font information for U+msa on input line 88.
(c:/texlive/2018/texmf-dist/tex/latex/amsfonts/umsa.fd
File: umsa.fd 2013/01/14 v3.01 AMS symbols A
)
LaTeX Font Info:    Try loading font information for U+msb on input line 88.
 (c:/texlive/2018/texmf-dist/tex/latex/amsfonts/umsb.fd
File: umsb.fd 2013/01/14 v3.01 AMS symbols B
)
<Figures/systemPic.png, id=50, 468.24937pt x 709.90219pt>
File: Figures/systemPic.png Graphic file (type png)
<use Figures/systemPic.png>
Package pdftex.def Info: Figures/systemPic.png  used on input line 99.
(pdftex.def)             Requested size: 123.0pt x 186.47668pt.
<Figures/modelFigure.pdf, id=53, 396.72716pt x 385.87865pt>
File: Figures/modelFigure.pdf Graphic file (type pdf)
<use Figures/modelFigure.pdf>
Package pdftex.def Info: Figures/modelFigure.pdf  used on input line 129.
(pdftex.def)             Requested size: 246.0pt x 239.27173pt.
 [1{c:/texlive/2018/texmf-var/fonts/map/pdftex/updmap/pdftex.map} <c:/Users/Ankith A Das/Documents/AMME3500/Assignment 2/Latex/Figures/systemPic.png>]
Underfull \hbox (badness 1721) in paragraph at lines 173--175
\T1/cmr/m/n/10 where the gen-er-al-ized $\OML/cmm/m/it/10 Q[]$ \T1/cmr/m/n/10 forces de-scribe the non-
 []

[2 <c:/Users/Ankith A Das/Documents/AMME3500/Assignment 2/Latex/Figures/modelFigure.pdf>] [3]
Package epstopdf Info: Source file: <Figures/LinearNonLinear.eps>
(epstopdf)                    date: 2020-05-31 19:28:15
(epstopdf)                    size: 104069 bytes
(epstopdf)             Output file: <Figures/LinearNonLinear-eps-converted-to.pdf>
(epstopdf)                    date: 2020-05-31 19:28:21
(epstopdf)                    size: 30045 bytes
(epstopdf)             Command: <repstopdf --outfile=Figures/LinearNonLinear-eps-converted-to.pdf Figures/LinearNonLinear.eps>
(epstopdf)             \includegraphics on input line 338.
Package epstopdf Info: Output file is already uptodate.
<Figures/LinearNonLinear-eps-converted-to.pdf, id=160, 421.575pt x 316.18124pt>
File: Figures/LinearNonLinear-eps-converted-to.pdf Graphic file (type pdf)
<use Figures/LinearNonLinear-eps-converted-to.pdf>
Package pdftex.def Info: Figures/LinearNonLinear-eps-converted-to.pdf  used on input line 338.
(pdftex.def)             Requested size: 246.0pt x 184.50453pt.


LaTeX Warning: `!h' float specifier changed to `!ht'.

LaTeX Font Info:    Try loading font information for OMS+cmr on input line 347.
(c:/texlive/2018/texmf-dist/tex/latex/base/omscmr.fd
File: omscmr.fd 2014/09/29 v2.5h Standard LaTeX font definitions
)
LaTeX Font Info:    Font shape `OMS/cmr/m/n' in size <10> not available
(Font)              Font shape `OMS/cmsy/m/n' tried instead on input line 347.
 [4 <c:/Users/Ankith A Das/Documents/AMME3500/Assignment 2/Latex/Figures/LinearNonLinear-eps-converted-to.pdf>]
Package epstopdf Info: Source file: <Figures/closedControl.eps>
(epstopdf)                    date: 2020-05-31 19:33:32
(epstopdf)                    size: 1064093 bytes
(epstopdf)             Output file: <Figures/closedControl-eps-converted-to.pdf>
(epstopdf)                    date: 2020-05-31 19:38:50
(epstopdf)                    size: 268001 bytes
(epstopdf)             Command: <repstopdf --outfile=Figures/closedControl-eps-converted-to.pdf Figures/closedControl.eps>
(epstopdf)             \includegraphics on input line 391.
Package epstopdf Info: Output file is already uptodate.
<Figures/closedControl-eps-converted-to.pdf, id=180, 421.575pt x 316.18124pt>
File: Figures/closedControl-eps-converted-to.pdf Graphic file (type pdf)
<use Figures/closedControl-eps-converted-to.pdf>
Package pdftex.def Info: Figures/closedControl-eps-converted-to.pdf  used on input line 391.
(pdftex.def)             Requested size: 246.0pt x 184.50453pt.
Package epstopdf Info: Source file: <Figures/controllerEffort.eps>
(epstopdf)                    date: 2020-05-31 19:48:15
(epstopdf)                    size: 377746 bytes
(epstopdf)             Output file: <Figures/controllerEffort-eps-converted-to.pdf>
(epstopdf)                    date: 2020-05-31 19:49:41
(epstopdf)                    size: 106089 bytes
(epstopdf)             Command: <repstopdf --outfile=Figures/controllerEffort-eps-converted-to.pdf Figures/controllerEffort.eps>
(epstopdf)             \includegraphics on input line 396.
Package epstopdf Info: Output file is already uptodate.
<Figures/controllerEffort-eps-converted-to.pdf, id=181, 421.575pt x 316.18124pt>
File: Figures/controllerEffort-eps-converted-to.pdf Graphic file (type pdf)
<use Figures/controllerEffort-eps-converted-to.pdf>
Package pdftex.def Info: Figures/controllerEffort-eps-converted-to.pdf  used on input line 396.
(pdftex.def)             Requested size: 246.0pt x 184.50453pt.
Package epstopdf Info: Source file: <Figures/withNoise.eps>
(epstopdf)                    date: 2020-05-31 20:01:44
(epstopdf)                    size: 285052 bytes
(epstopdf)             Output file: <Figures/withNoise-eps-converted-to.pdf>
(epstopdf)                    date: 2020-05-31 20:02:13
(epstopdf)                    size: 91698 bytes
(epstopdf)             Command: <repstopdf --outfile=Figures/withNoise-eps-converted-to.pdf Figures/withNoise.eps>
(epstopdf)             \includegraphics on input line 402.
Package epstopdf Info: Output file is already uptodate.
<Figures/withNoise-eps-converted-to.pdf, id=184, 421.575pt x 316.18124pt>
File: Figures/withNoise-eps-converted-to.pdf Graphic file (type pdf)
<use Figures/withNoise-eps-converted-to.pdf>
Package pdftex.def Info: Figures/withNoise-eps-converted-to.pdf  used on input line 402.
(pdftex.def)             Requested size: 246.0pt x 184.50453pt.
 [5 <c:/Users/Ankith A Das/Documents/AMME3500/Assignment 2/Latex/Figures/closedControl-eps-converted-to.pdf> <c:/Users/Ankith A Das/Documents/AMME3500/Assignment 2/Latex/Figures/controllerEffort-eps-converted-to.pdf>]

LaTeX Warning: A float is stuck (cannot be placed) on input line 418.


LaTeX Warning: A float is stuck (cannot be placed) on input line 418.


Class revtex4-1 Warning: Deferred float stuck during \clearpage processing.

<Figures/linearSysWithO.pdf, id=211, 389.95642pt x 168.6301pt>
File: Figures/linearSysWithO.pdf Graphic file (type pdf)
<use Figures/linearSysWithO.pdf>
Package pdftex.def Info: Figures/linearSysWithO.pdf  used on input line 436.
(pdftex.def)             Requested size: 246.0pt x 106.37903pt.
Package epstopdf Info: Source file: <Figures/EstimateState.eps>
(epstopdf)                    date: 2020-06-01 12:59:46
(epstopdf)                    size: 326759 bytes
(epstopdf)             Output file: <Figures/EstimateState-eps-converted-to.pdf>
(epstopdf)                    date: 2020-06-01 13:00:20
(epstopdf)                    size: 114667 bytes
(epstopdf)             Command: <repstopdf --outfile=Figures/EstimateState-eps-converted-to.pdf Figures/EstimateState.eps>
(epstopdf)             \includegraphics on input line 442.
Package epstopdf Info: Output file is already uptodate.
<Figures/EstimateState-eps-converted-to.pdf, id=213, 421.575pt x 316.18124pt>
File: Figures/EstimateState-eps-converted-to.pdf Graphic file (type pdf)
<use Figures/EstimateState-eps-converted-to.pdf>
Package pdftex.def Info: Figures/EstimateState-eps-converted-to.pdf  used on input line 442.
(pdftex.def)             Requested size: 246.0pt x 184.50453pt.
[6 <c:/Users/Ankith A Das/Documents/AMME3500/Assignment 2/Latex/Figures/withNoise-eps-converted-to.pdf> <c:/Users/Ankith A Das/Documents/AMME3500/Assignment 2/Latex/Figures/linearSysWithO.pdf> <c:/Users/Ankith A Das/Documents/AMME3500/Assignment 2/Latex/Figures/EstimateState-eps-converted-to.pdf>]
<Figures/EnergyControl.pdf, id=857, 445.66405pt x 152.06804pt>
File: Figures/EnergyControl.pdf Graphic file (type pdf)
<use Figures/EnergyControl.pdf>
Package pdftex.def Info: Figures/EnergyControl.pdf  used on input line 482.
(pdftex.def)             Requested size: 246.0pt x 83.93932pt.
<Figures/SwingUp.pdf, id=858, 356.83171pt x 127.22536pt>
File: Figures/SwingUp.pdf Graphic file (type pdf)
<use Figures/SwingUp.pdf>
Package pdftex.def Info: Figures/SwingUp.pdf  used on input line 487.
(pdftex.def)             Requested size: 246.0pt x 87.70987pt.
<Figures/SwingUpSystem.pdf, id=859, 462.97845pt x 171.00708pt>
File: Figures/SwingUpSystem.pdf Graphic file (type pdf)
<use Figures/SwingUpSystem.pdf>
Package pdftex.def Info: Figures/SwingUpSystem.pdf  used on input line 492.
(pdftex.def)             Requested size: 246.0pt x 90.86293pt.
Package epstopdf Info: Source file: <Figures/SwingUpAction.eps>
(epstopdf)                    date: 2020-06-01 16:55:01
(epstopdf)                    size: 70656 bytes
(epstopdf)             Output file: <Figures/SwingUpAction-eps-converted-to.pdf>
(epstopdf)                    date: 2020-06-01 16:58:51
(epstopdf)                    size: 21734 bytes
(epstopdf)             Command: <repstopdf --outfile=Figures/SwingUpAction-eps-converted-to.pdf Figures/SwingUpAction.eps>
(epstopdf)             \includegraphics on input line 509.
Package epstopdf Info: Output file is already uptodate.
<Figures/SwingUpAction-eps-converted-to.pdf, id=862, 421.575pt x 316.18124pt>
File: Figures/SwingUpAction-eps-converted-to.pdf Graphic file (type pdf)
<use Figures/SwingUpAction-eps-converted-to.pdf>
Package pdftex.def Info: Figures/SwingUpAction-eps-converted-to.pdf  used on input line 509.
(pdftex.def)             Requested size: 246.0pt x 184.50453pt.
Package epstopdf Info: Source file: <Figures/controllerEffortSwing.eps>
(epstopdf)                    date: 2020-06-01 17:10:21
(epstopdf)                    size: 70045 bytes
(epstopdf)             Output file: <Figures/controllerEffortSwing-eps-converted-to.pdf>
(epstopdf)                    date: 2020-06-01 17:10:51
(epstopdf)                    size: 21777 bytes
(epstopdf)             Command: <repstopdf --outfile=Figures/controllerEffortSwing-eps-converted-to.pdf Figures/controllerEffortSwing.eps>
(epstopdf)             \includegraphics on input line 514.
Package epstopdf Info: Output file is already uptodate.
<Figures/controllerEffortSwing-eps-converted-to.pdf, id=863, 421.575pt x 316.18124pt>
File: Figures/controllerEffortSwing-eps-converted-to.pdf Graphic file (type pdf)
<use Figures/controllerEffortSwing-eps-converted-to.pdf>
Package pdftex.def Info: Figures/controllerEffortSwing-eps-converted-to.pdf  used on input line 514.
(pdftex.def)             Requested size: 246.0pt x 184.50453pt.
 [7 <c:/Users/Ankith A Das/Documents/AMME3500/Assignment 2/Latex/Figures/EnergyControl.pdf> <c:/Users/Ankith A Das/Documents/AMME3500/Assignment 2/Latex/Figures/SwingUp.pdf

pdfTeX warning: pdflatex.exe (file c:/Users/Ankith A Das/Documents/AMME3500/Assignment 2/Latex/Figures/SwingUp.pdf): PDF inclusion: multiple pdfs with page group included in a single page
> <c:/Users/Ankith A Das/Documents/AMME3500/Assignment 2/Latex/Figures/SwingUpSystem.pdf

pdfTeX warning: pdflatex.exe (file c:/Users/Ankith A Das/Documents/AMME3500/Assignment 2/Latex/Figures/SwingUpSystem.pdf): PDF inclusion: multiple pdfs with page group included in a single page
> <c:/Users/Ankith A Das/Documents/AMME3500/Assignment 2/Latex/Figures/SwingUpAction-eps-converted-to.pdf>]

LaTeX Warning: A float is stuck (cannot be placed) on input line 520.


LaTeX Warning: A float is stuck (cannot be placed) on input line 520.


Class revtex4-1 Warning: Deferred float stuck during \clearpage processing.


Overfull \hbox (5.33592pt too wide) detected at line 533
[]\OML/cmm/m/it/10 f\OT1/cmr/m/n/10 ([]\OML/cmm/m/it/10 ; u\OT1/cmr/m/n/10 ) \OMS/cmsy/m/n/10 ^^Y \OML/cmm/m/it/10 f [] \OT1/cmr/m/n/10 + \OMS/cmsy/m/n/10 r[]\OT1/cmr/bx/n/10 f[] [] \OT1/cmr/m/n/10 + \OMS/cmsy/m/n/10 r[]\OT1/cmr/bx/n/10 f[] []
 []

<Figures/NonLinearObserver.pdf, id=2365, 319.94556pt x 274.7765pt>
File: Figures/NonLinearObserver.pdf Graphic file (type pdf)
<use Figures/NonLinearObserver.pdf>
Package pdftex.def Info: Figures/NonLinearObserver.pdf  used on input line 539.
(pdftex.def)             Requested size: 196.80075pt x 169.01797pt.
Package epstopdf Info: Source file: <Figures/nonLinearOb.eps>
(epstopdf)                    date: 2020-06-01 20:22:39
(epstopdf)                    size: 1129824 bytes
(epstopdf)             Output file: <Figures/nonLinearOb-eps-converted-to.pdf>
(epstopdf)                    date: 2020-06-01 20:23:15
(epstopdf)                    size: 372900 bytes
(epstopdf)             Command: <repstopdf --outfile=Figures/nonLinearOb-eps-converted-to.pdf Figures/nonLinearOb.eps>
(epstopdf)             \includegraphics on input line 545.
Package epstopdf Info: Output file is already uptodate.
<Figures/nonLinearOb-eps-converted-to.pdf, id=2366, 421.575pt x 316.18124pt>
File: Figures/nonLinearOb-eps-converted-to.pdf Graphic file (type pdf)
<use Figures/nonLinearOb-eps-converted-to.pdf>
Package pdftex.def Info: Figures/nonLinearOb-eps-converted-to.pdf  used on input line 545.
(pdftex.def)             Requested size: 246.0pt x 184.50453pt.
Package epstopdf Info: Source file: <Figures/NonLinearObVel.eps>
(epstopdf)                    date: 2020-06-01 20:38:16
(epstopdf)                    size: 1138794 bytes
(epstopdf)             Output file: <Figures/NonLinearObVel-eps-converted-to.pdf>
(epstopdf)                    date: 2020-06-01 20:41:09
(epstopdf)                    size: 357957 bytes
(epstopdf)             Command: <repstopdf --outfile=Figures/NonLinearObVel-eps-converted-to.pdf Figures/NonLinearObVel.eps>
(epstopdf)             \includegraphics on input line 551.
Package epstopdf Info: Output file is already uptodate.
<Figures/NonLinearObVel-eps-converted-to.pdf, id=2367, 421.575pt x 316.18124pt>
File: Figures/NonLinearObVel-eps-converted-to.pdf Graphic file (type pdf)
<use Figures/NonLinearObVel-eps-converted-to.pdf>
Package pdftex.def Info: Figures/NonLinearObVel-eps-converted-to.pdf  used on input line 551.
(pdftex.def)             Requested size: 246.0pt x 184.50453pt.
[8 <c:/Users/Ankith A Das/Documents/AMME3500/Assignment 2/Latex/Figures/controllerEffortSwing-eps-converted-to.pdf> <c:/Users/Ankith A Das/Documents/AMME3500/Assignment 2/Latex/Figures/NonLinearObserver.pdf> <c:/Users/Ankith A Das/Documents/AMME3500/Assignment 2/Latex/Figures/nonLinearOb-eps-converted-to.pdf> <c:/Users/Ankith A Das/Documents/AMME3500/Assignment 2/Latex/Figures/NonLinearObVel-eps-converted-to.pdf>]
<Figures/SwingUpSystemNonLin.pdf, id=2913, 465.23813pt x 206.38806pt>
File: Figures/SwingUpSystemNonLin.pdf Graphic file (type pdf)
<use Figures/SwingUpSystemNonLin.pdf>
Package pdftex.def Info: Figures/SwingUpSystemNonLin.pdf  used on input line 563.
(pdftex.def)             Requested size: 510.0pt x 226.25284pt.
Package epstopdf Info: Source file: <Figures/SwingupfailVel.eps>
(epstopdf)                    date: 2020-06-01 21:31:09
(epstopdf)                    size: 214992 bytes
(epstopdf)             Output file: <Figures/SwingupfailVel-eps-converted-to.pdf>
(epstopdf)                    date: 2020-06-01 21:31:55
(epstopdf)                    size: 83742 bytes
(epstopdf)             Command: <repstopdf --outfile=Figures/SwingupfailVel-eps-converted-to.pdf Figures/SwingupfailVel.eps>
(epstopdf)             \includegraphics on input line 569.
Package epstopdf Info: Output file is already uptodate.
<Figures/SwingupfailVel-eps-converted-to.pdf, id=2914, 421.575pt x 316.18124pt>
File: Figures/SwingupfailVel-eps-converted-to.pdf Graphic file (type pdf)
<use Figures/SwingupfailVel-eps-converted-to.pdf>
Package pdftex.def Info: Figures/SwingupfailVel-eps-converted-to.pdf  used on input line 569.
(pdftex.def)             Requested size: 246.0pt x 184.50453pt.
Package epstopdf Info: Source file: <Figures/swingFailPos.eps>
(epstopdf)                    date: 2020-06-01 21:35:10
(epstopdf)                    size: 202845 bytes
(epstopdf)             Output file: <Figures/swingFailPos-eps-converted-to.pdf>
(epstopdf)                    date: 2020-06-01 21:35:31
(epstopdf)                    size: 75871 bytes
(epstopdf)             Command: <repstopdf --outfile=Figures/swingFailPos-eps-converted-to.pdf Figures/swingFailPos.eps>
(epstopdf)             \includegraphics on input line 575.
Package epstopdf Info: Output file is already uptodate.
<Figures/swingFailPos-eps-converted-to.pdf, id=2915, 421.575pt x 316.18124pt>
File: Figures/swingFailPos-eps-converted-to.pdf Graphic file (type pdf)
<use Figures/swingFailPos-eps-converted-to.pdf>
Package pdftex.def Info: Figures/swingFailPos-eps-converted-to.pdf  used on input line 575.
(pdftex.def)             Requested size: 246.0pt x 184.50453pt.
 (c:/Users/Ankith A Das/Documents/AMME3500/Assignment 2/Latex/doc.bbl) [9] [10 <c:/Users/Ankith A Das/Documents/AMME3500/Assignment 2/Latex/Figures/SwingUpSystemNonLin.pdf> <c:/Users/Ankith A Das/Documents/AMME3500/Assignment 2/Latex/Figures/SwingupfailVel-eps-converted-to.pdf>] [11 <c:/Users/Ankith A Das/Documents/AMME3500/Assignment 2/Latex/Figures/swingFailPos-eps-converted-to.pdf>]
Package atveryend Info: Empty hook `AfterLastShipout' on input line 587.
 (c:/Users/Ankith A Das/Documents/AMME3500/Assignment 2/Latex/doc.aux)
Package atveryend Info: Executing hook `AtVeryEndDocument' on input line 587.
Package atveryend Info: Executing hook `AtEndAfterFileList' on input line 587.
Package rerunfilecheck Info: File `doc.out' has not changed.
(rerunfilecheck)             Checksum: 4D97501CB3CB2A7E981F65D766B59CA7;768.


LaTeX Warning: Label(s) may have changed. Rerun to get cross-references right .

 )
(\end occurred inside a group at level 1)

### simple group (level 1) entered at line 80 ({)
### bottom level 
Here is how much of TeX's memory you used:
 19529 strings out of 492649
 326082 string characters out of 6133385
 442676 words of memory out of 5000000
 23118 multiletter control sequences out of 15000+600000
 544982 words of font info for 64 fonts, out of 8000000 for 9000
 1141 hyphenation exceptions out of 8191
 36i,17n,35p,10416b,548s stack positions out of 5000i,500n,10000p,200000b,80000s
{c:/texlive/2018/texmf-dist/fonts/enc/dvips/cm-super/cm-super-t1.enc}<c:/texlive/2018/texmf-dist/fonts/type1/public/amsfonts/cm/cmbx10.pfb><c:/texlive/2018/texmf-dist/fonts/type1/public/amsfonts/cm/cmbx7.pfb><c:/texlive/2018/texmf-dist/fonts/type1/public/amsfonts/cm/cmex10.pfb><c:/texlive/2018/texmf-dist/fonts/type1/public/amsfonts/cm/cmmi10.pfb><c:/texlive/2018/texmf-dist/fonts/type1/public/amsfonts/cm/cmmi5.pfb><c:/texlive/2018/texmf-dist/fonts/type1/public/amsfonts/cm/cmmi6.pfb><c:/texlive/2018/texmf-dist/fonts/type1/public/amsfonts/cm/cmmi7.pfb><c:/texlive/2018/texmf-dist/fonts/type1/public/amsfonts/cm/cmmi9.pfb><c:/texlive/2018/texmf-dist/fonts/type1/public/amsfonts/cm/cmr10.pfb><c:/texlive/2018/texmf-dist/fonts/type1/public/amsfonts/cm/cmr5.pfb><c:/texlive/2018/texmf-dist/fonts/type1/public/amsfonts/cm/cmr6.pfb><c:/texlive/2018/texmf-dist/fonts/type1/public/amsfonts/cm/cmr7.pfb><c:/texlive/2018/texmf-dist/fonts/type1/public/amsfonts/cm/cmr9.pfb><c:/texlive/2018/texmf-dist/fonts/type1/public/amsfonts/cm/cmsy10.pfb><c:/texlive/2018/texmf-dist/fonts/type1/public/amsfonts/cm/cmsy5.pfb><c:/texlive/2018/texmf-dist/fonts/type1/public/amsfonts/cm/cmsy6.pfb><c:/texlive/2018/texmf-dist/fonts/type1/public/amsfonts/cm/cmsy7.pfb><c:/texlive/2018/texmf-dist/fonts/type1/public/amsfonts/symbols/msbm10.pfb><c:/texlive/2018/texmf-dist/fonts/type1/public/cm-super/sfbx0900.pfb><c:/texlive/2018/texmf-dist/fonts/type1/public/cm-super/sfbx1000.pfb><c:/texlive/2018/texmf-dist/fonts/type1/public/cm-super/sfbx1200.pfb><c:/texlive/2018/texmf-dist/fonts/type1/public/cm-super/sfrm0900.pfb><c:/texlive/2018/texmf-dist/fonts/type1/public/cm-super/sfrm1000.pfb><c:/texlive/2018/texmf-dist/fonts/type1/public/cm-super/sfti1000.pfb>
Output written on "c:/Users/Ankith A Das/Documents/AMME3500/Assignment 2/Latex/doc.pdf" (11 pages, 3442717 bytes).
PDF statistics:
 3788 PDF objects out of 4296 (max. 8388607)
 2590 compressed objects within 26 object streams
 91 named destinations out of 1000 (max. 500000)
 184 words of extra memory for PDF output out of 10000 (max. 10000000)

